<?xml version="1.0" encoding="UTF-8"?>
<!-- Generated by org.testng.reporters.JUnitXMLReporter -->
<testsuite ignored="0" hostname="DESKTOP-7I0VUKO" failures="0" tests="3" name="Test" time="166.964" errors="0" timestamp="2023-05-21T23:38:28 BDT">
  <testcase classname="testcases.RokomariHomePageTest" name="homePageTitle" time="26.615"/>
  <testcase classname="testcases.SignUpUsingGoogleTest" name="signUpWithGoogle" time="50.032"/>
  <testcase classname="testcases.SelectProductTest" name="selectProdctTest" time="82.559"/>
</testsuite> <!-- Test -->
