<?xml version="1.0" encoding="UTF-8"?>
<testng-results ignored="0" total="3" passed="3" failed="0" skipped="0">
  <reporter-output>
  </reporter-output>
  <suite started-at="2023-05-21T23:35:41 BDT" name="Suite" finished-at="2023-05-21T23:38:28 BDT" duration-ms="166964">
    <groups>
    </groups>
    <test started-at="2023-05-21T23:35:41 BDT" name="Test" finished-at="2023-05-21T23:38:28 BDT" duration-ms="166964">
      <class name="testcases.RokomariHomePageTest">
        <test-method is-config="true" signature="setBrowser()[pri:0, instance:testcases.RokomariHomePageTest@a4add54]" started-at="2023-05-21T23:35:42 BDT" name="setBrowser" finished-at="2023-05-21T23:35:45 BDT" duration-ms="3379" status="PASS">
          <reporter-output>
          </reporter-output>
        </test-method> <!-- setBrowser -->
        <test-method signature="homePageTitle()[pri:0, instance:testcases.RokomariHomePageTest@a4add54]" started-at="2023-05-21T23:35:45 BDT" name="homePageTitle" finished-at="2023-05-21T23:36:12 BDT" duration-ms="26615" status="PASS">
          <reporter-output>
          </reporter-output>
        </test-method> <!-- homePageTitle -->
        <test-method is-config="true" signature="quitBrowser()[pri:0, instance:testcases.RokomariHomePageTest@a4add54]" started-at="2023-05-21T23:36:12 BDT" name="quitBrowser" finished-at="2023-05-21T23:36:12 BDT" duration-ms="261" status="PASS">
          <reporter-output>
          </reporter-output>
        </test-method> <!-- quitBrowser -->
      </class> <!-- testcases.RokomariHomePageTest -->
      <class name="testcases.SignUpUsingGoogleTest">
        <test-method is-config="true" signature="setBrowser()[pri:0, instance:testcases.SignUpUsingGoogleTest@49ff7d8c]" started-at="2023-05-21T23:36:12 BDT" name="setBrowser" finished-at="2023-05-21T23:36:13 BDT" duration-ms="1362" status="PASS">
          <reporter-output>
          </reporter-output>
        </test-method> <!-- setBrowser -->
        <test-method signature="signUpWithGoogle()[pri:0, instance:testcases.SignUpUsingGoogleTest@49ff7d8c]" started-at="2023-05-21T23:36:13 BDT" name="signUpWithGoogle" finished-at="2023-05-21T23:37:03 BDT" duration-ms="50032" status="PASS">
          <reporter-output>
          </reporter-output>
        </test-method> <!-- signUpWithGoogle -->
        <test-method is-config="true" signature="quitBrowser()[pri:0, instance:testcases.SignUpUsingGoogleTest@49ff7d8c]" started-at="2023-05-21T23:37:03 BDT" name="quitBrowser" finished-at="2023-05-21T23:37:05 BDT" duration-ms="1186" status="PASS">
          <reporter-output>
          </reporter-output>
        </test-method> <!-- quitBrowser -->
      </class> <!-- testcases.SignUpUsingGoogleTest -->
      <class name="testcases.SelectProductTest">
        <test-method is-config="true" signature="setBrowser()[pri:0, instance:testcases.SelectProductTest@2ef14fe]" started-at="2023-05-21T23:37:05 BDT" name="setBrowser" finished-at="2023-05-21T23:37:06 BDT" duration-ms="1116" status="PASS">
          <reporter-output>
          </reporter-output>
        </test-method> <!-- setBrowser -->
        <test-method signature="selectProdctTest()[pri:0, instance:testcases.SelectProductTest@2ef14fe]" started-at="2023-05-21T23:37:06 BDT" name="selectProdctTest" finished-at="2023-05-21T23:38:28 BDT" duration-ms="82559" status="PASS">
          <reporter-output>
          </reporter-output>
        </test-method> <!-- selectProdctTest -->
        <test-method is-config="true" signature="quitBrowser()[pri:0, instance:testcases.SelectProductTest@2ef14fe]" started-at="2023-05-21T23:38:28 BDT" name="quitBrowser" finished-at="2023-05-21T23:38:28 BDT" duration-ms="254" status="PASS">
          <reporter-output>
          </reporter-output>
        </test-method> <!-- quitBrowser -->
      </class> <!-- testcases.SelectProductTest -->
    </test> <!-- Test -->
  </suite> <!-- Suite -->
</testng-results>
